# JRE version: OpenJDK Runtime Environment (11.0.13+8) (build 11.0.13+8-Ubuntu-0ubuntu1.20.04)
# Java VM: OpenJDK 64-Bit Server VM (11.0.13+8-Ubuntu-0ubuntu1.20.04, mixed mode, sharing, tiered, compressed oops, g1 gc, linux-amd64)
Heap:
 garbage-first heap   total 114688K, used 8872K [0x0000000093200000, 0x0000000100000000)
  region size 1024K, 3 young (3072K), 2 survivors (2048K)
 Metaspace       used 10851K, capacity 11266K, committed 11520K, reserved 1058816K
  class space    used 1314K, capacity 1472K, committed 1536K, reserved 1048576K
GC Heap History (6 events):
Event: 0.249 GC heap before
{Heap before GC invocations=0 (full 0):
 garbage-first heap   total 114688K, used 10952K [0x0000000093200000, 0x0000000100000000)
  region size 1024K, 7 young (7168K), 0 survivors (0K)
 Metaspace       used 2719K, capacity 6118K, committed 6272K, reserved 1056768K
  class space    used 286K, capacity 615K, committed 640K, reserved 1048576K
}
Event: 0.255 GC heap after
{Heap after GC invocations=1 (full 0):
 garbage-first heap   total 114688K, used 6239K [0x0000000093200000, 0x0000000100000000)
  region size 1024K, 1 young (1024K), 1 survivors (1024K)
 Metaspace       used 2719K, capacity 6118K, committed 6272K, reserved 1056768K
  class space    used 286K, capacity 615K, committed 640K, reserved 1048576K
}
Event: 0.353 GC heap before
{Heap before GC invocations=1 (full 0):
 garbage-first heap   total 114688K, used 14431K [0x0000000093200000, 0x0000000100000000)
  region size 1024K, 9 young (9216K), 1 survivors (1024K)
 Metaspace       used 5530K, capacity 7984K, committed 8192K, reserved 1056768K
  class space    used 673K, capacity 920K, committed 1024K, reserved 1048576K
}
Event: 0.357 GC heap after
{Heap after GC invocations=2 (full 0):
 garbage-first heap   total 114688K, used 7256K [0x0000000093200000, 0x0000000100000000)
  region size 1024K, 2 young (2048K), 2 survivors (2048K)
 Metaspace       used 5530K, capacity 7984K, committed 8192K, reserved 1056768K
  class space    used 673K, capacity 920K, committed 1024K, reserved 1048576K
}
Event: 276.687 GC heap before
{Heap before GC invocations=2 (full 0):
 garbage-first heap   total 114688K, used 18520K [0x0000000093200000, 0x0000000100000000)
  region size 1024K, 13 young (13312K), 2 survivors (2048K)
 Metaspace       used 10837K, capacity 11199K, committed 11520K, reserved 1058816K
  class space    used 1313K, capacity 1471K, committed 1536K, reserved 1048576K
}
Event: 276.733 GC heap after
{Heap after GC invocations=3 (full 0):
 garbage-first heap   total 114688K, used 8872K [0x0000000093200000, 0x0000000100000000)
  region size 1024K, 2 young (2048K), 2 survivors (2048K)
 Metaspace       used 10837K, capacity 11199K, committed 11520K, reserved 1058816K
  class space    used 1313K, capacity 1471K, committed 1536K, reserved 1048576K
}

